SF:D:\Dev\Packages\Deno\dftps\deps.ts
FN:23,deferred
FN:29,resolve
FN:33,reject
FN:40,get
FN:48,generate
FN:52,makeRange
FN:60,randomPort
FN:64,getPort
FN:86,encode
FN:90,decode
FNDA:3,deferred
FNDA:1,resolve
FNDA:0,reject
FNDA:0,get
FNDA:2,generate
FNDA:24,makeRange
FNDA:24,randomPort
FNDA:0,getPort
FNDA:3,encode
FNDA:0,decode
FNF:10
FNH:6
BRDA:54,7,0,1548288
BRF:1
BRH:1
DA:2,8
DA:3,8
DA:4,8
DA:5,8
DA:6,8
DA:9,8
DA:10,8
DA:11,8
DA:14,8
DA:23,8
DA:24,11
DA:25,11
DA:27,11
DA:28,14
DA:29,14
DA:30,15
DA:31,15
DA:32,14
DA:33,0
DA:34,0
DA:35,0
DA:36,0
DA:37,14
DA:38,11
DA:40,22
DA:41,11
DA:43,11
DA:44,11
DA:47,8
DA:48,8
DA:49,8
DA:52,8
DA:53,32
DA:54,32
DA:55,1548320
DA:56,1548320
DA:57,32
DA:58,32
DA:60,8
DA:61,32
DA:62,32
DA:64,0
DA:65,0
DA:66,0
DA:67,0
DA:68,0
DA:69,0
DA:70,0
DA:72,0
DA:73,0
DA:76,0
DA:77,0
DA:78,0
DA:79,0
DA:80,0
DA:83,8
DA:84,8
DA:86,8
DA:87,11
DA:88,11
DA:90,0
DA:91,0
DA:92,0
LH:42
LF:63
end_of_record
SF:D:\Dev\Packages\Deno\dftps\src\_utils\iterableReader.ts
FN:5,<instance_members_initializer>
FN:10,IterableReader
FN:14,close
FNDA:9,<instance_members_initializer>
FNDA:9,IterableReader
FNDA:1,close
FNF:3
FNH:3
BRDA:27,4,0,16
BRDA:31,4,1,7
BRDA:33,4,2,1
BRDA:38,4,3,9
BRDA:45,4,4,8
BRDA:49,4,5,9
BRDA:52,4,6,2
BRDA:57,4,7,0
BRF:8
BRH:7
DA:5,2
DA:6,22
DA:7,22
DA:8,2
DA:10,13
DA:11,11
DA:12,11
DA:14,2
DA:15,3
DA:16,3
DA:17,3
DA:23,4
DA:24,9
DA:25,9
DA:27,9
DA:28,25
DA:29,25
DA:31,25
DA:33,32
DA:34,33
DA:35,33
DA:36,33
DA:37,32
DA:38,32
DA:41,34
DA:44,34
DA:45,25
DA:46,33
DA:47,33
DA:48,33
DA:49,33
DA:52,25
DA:53,27
DA:54,27
DA:55,27
DA:56,27
DA:57,0
DA:59,0
DA:60,0
DA:61,0
DA:62,0
DA:63,0
DA:64,0
DA:65,0
DA:66,0
DA:67,0
DA:69,0
DA:70,0
DA:71,0
DA:72,0
DA:73,25
DA:74,9
DA:75,2
DA:77,2
LH:40
LF:54
end_of_record
SF:D:\Dev\Packages\Deno\dftps\src\_utils\lodash.ts
FN:42,chunk
FN:57,toInteger
FN:84,toFinite
FN:96,compact
FN:109,padStart
FN:114,createPadding
FN:131,baseToString
FN:147,isSymbol
FN:152,getTag
FN:164,hasUnicode
FN:168,repeat
FN:180,stringSize
FN:191,unicodeSize
FN:199,asciiSize
FN:203,castSlice
FN:209,slice
FN:235,stringToArray
FN:239,unicodeToArray
FN:242,asciiToArray
FNDA:6,chunk
FNDA:6,toInteger
FNDA:6,toFinite
FNDA:5,compact
FNDA:76,padStart
FNDA:45,createPadding
FNDA:34,baseToString
FNDA:0,isSymbol
FNDA:0,getTag
FNDA:76,hasUnicode
FNDA:45,repeat
FNDA:76,stringSize
FNDA:0,unicodeSize
FNDA:76,asciiSize
FNDA:0,castSlice
FNDA:10,slice
FNDA:0,stringToArray
FNDA:0,unicodeToArray
FNDA:0,asciiToArray
FNF:19
FNH:12
BRDA:44,1,0,0
BRDA:45,1,1,5
BRDA:45,1,2,1
BRDA:47,1,3,5
BRDA:52,1,4,10
BRDA:54,1,5,5
BRDA:61,2,0,0
BRDA:85,3,0,0
BRDA:88,3,1,0
BRDA:92,3,2,0
BRDA:101,4,0,0
BRDA:103,4,1,21
BRDA:104,4,2,10
BRDA:110,5,0,0
BRDA:111,5,1,45
BRDA:111,5,2,31
BRDA:111,5,3,0
BRDA:115,6,0,11
BRDA:115,6,1,34
BRDA:118,6,2,0
BRDA:118,6,3,0
BRDA:120,6,4,0
BRDA:135,7,0,0
BRDA:144,7,1,0
BRDA:144,7,2,0
BRDA:170,11,0,0
BRDA:171,11,1,65
BRDA:172,11,2,47
BRDA:174,11,3,20
BRDA:181,12,0,0
BRDA:210,16,0,0
BRDA:211,16,1,0
BRDA:214,16,2,0
BRDA:215,16,3,0
BRDA:217,16,4,0
BRDA:220,16,5,2
BRDA:220,16,6,8
BRDA:221,16,7,0
BRDA:224,16,8,0
BRDA:229,16,9,17
BRF:40
BRH:17
DA:1,6
DA:3,6
DA:4,6
DA:5,6
DA:6,6
DA:7,6
DA:8,6
DA:9,6
DA:10,6
DA:11,6
DA:14,6
DA:17,6
DA:20,6
DA:21,6
DA:22,6
DA:23,6
DA:24,6
DA:25,6
DA:26,6
DA:29,6
DA:30,6
DA:31,30
DA:32,6
DA:33,6
DA:34,42
DA:37,6
DA:39,6
DA:42,6
DA:43,12
DA:44,0
DA:45,12
DA:46,13
DA:47,13
DA:48,17
DA:49,17
DA:50,17
DA:52,12
DA:53,22
DA:54,22
DA:55,17
DA:56,12
DA:57,12
DA:58,12
DA:59,12
DA:61,0
DA:62,12
DA:84,6
DA:85,0
DA:86,0
DA:87,0
DA:88,0
DA:89,0
DA:90,0
DA:91,0
DA:92,0
DA:93,12
DA:96,6
DA:97,11
DA:99,11
DA:101,0
DA:103,11
DA:104,32
DA:105,32
DA:106,11
DA:107,11
DA:109,6
DA:110,0
DA:111,0
DA:112,82
DA:114,51
DA:115,51
DA:117,51
DA:118,0
DA:119,0
DA:120,0
DA:121,51
DA:131,6
DA:133,40
DA:134,40
DA:135,40
DA:136,0
DA:138,0
DA:139,0
DA:140,0
DA:141,0
DA:142,0
DA:143,0
DA:144,0
DA:145,40
DA:147,0
DA:148,0
DA:149,0
DA:150,0
DA:152,0
DA:153,0
DA:154,0
DA:155,0
DA:164,6
DA:165,82
DA:166,82
DA:168,51
DA:169,51
DA:170,0
DA:171,51
DA:172,116
DA:173,116
DA:174,116
DA:175,51
DA:177,51
DA:178,51
DA:180,82
DA:181,0
DA:182,82
DA:191,0
DA:192,0
DA:193,0
DA:194,0
DA:195,0
DA:196,0
DA:197,0
DA:199,82
DA:200,82
DA:201,82
DA:203,0
DA:204,0
DA:205,0
DA:206,0
DA:207,0
DA:209,16
DA:210,0
DA:211,0
DA:212,0
DA:213,0
DA:214,0
DA:215,0
DA:217,0
DA:218,0
DA:219,0
DA:220,16
DA:221,0
DA:222,0
DA:223,0
DA:224,0
DA:225,16
DA:227,16
DA:228,16
DA:229,16
DA:230,33
DA:231,33
DA:232,16
DA:233,16
DA:235,0
DA:236,0
DA:237,0
DA:239,0
DA:240,0
DA:241,0
DA:242,0
DA:243,0
DA:244,0
LH:92
LF:160
end_of_record
SF:D:\Dev\Packages\Deno\dftps\src\_utils\logger.ts
FN:56,<instance_members_initializer>
FN:57,Logger
FN:63,create
FN:68,log
FN:74,success
FN:80,info
FN:86,warn
FN:92,error
FN:98,debug
FN:104,handle
FNDA:16,<instance_members_initializer>
FNDA:16,Logger
FNDA:3,create
FNDA:3,log
FNDA:1,success
FNDA:2,info
FNDA:1,warn
FNDA:1,error
FNDA:1,debug
FNDA:9,handle
FNF:10
FNH:10
BRDA:58,3,0,11
BRDA:106,11,0,5
BRDA:106,11,1,4
BRDA:108,11,2,5
BRDA:108,11,3,4
BRDA:122,11,4,5
BRDA:122,11,5,4
BRDA:112,12,0,3
BRDA:112,12,1,8
BRDA:113,12,2,3
BRDA:114,12,3,1
BRDA:115,12,4,2
BRDA:116,12,5,1
BRDA:117,12,6,1
BRDA:119,12,7,0
BRF:15
BRH:14
DA:1,6
DA:55,2
DA:56,2
DA:57,2
DA:58,18
DA:59,18
DA:60,18
DA:61,18
DA:63,2
DA:64,5
DA:65,5
DA:68,2
DA:69,15
DA:70,5
DA:71,5
DA:74,2
DA:75,9
DA:76,3
DA:77,3
DA:80,2
DA:81,12
DA:82,4
DA:83,4
DA:86,2
DA:87,9
DA:88,3
DA:89,3
DA:92,2
DA:93,9
DA:94,3
DA:95,3
DA:98,2
DA:99,9
DA:100,3
DA:101,3
DA:104,2
DA:105,11
DA:106,11
DA:107,11
DA:108,11
DA:109,11
DA:111,11
DA:112,0
DA:113,0
DA:114,0
DA:115,0
DA:116,0
DA:117,0
DA:118,0
DA:119,0
DA:120,0
DA:121,11
DA:122,11
DA:124,11
DA:125,2
DA:127,2
LH:47
LF:56
end_of_record
SF:D:\Dev\Packages\Deno\dftps\src\_utils\toml.ts
FN:5,tomlJson
FN:93,setAttrValue
FN:111,attrValueGet
FN:143,strToArr
FN:180,objAdd
FNDA:16,tomlJson
FNDA:15,setAttrValue
FNDA:32,attrValueGet
FNDA:3,strToArr
FNDA:2,objAdd
FNF:5
FNH:5
BRDA:7,1,0,0
BRDA:10,1,1,15
BRDA:12,1,2,1
BRDA:14,1,3,15
BRDA:28,1,4,39
BRDA:29,1,5,2
BRDA:29,1,6,37
BRDA:33,1,7,34
BRDA:34,1,8,4
BRDA:38,1,9,4
BRDA:38,1,10,31
BRDA:40,1,11,1
BRDA:47,1,12,6
BRDA:47,1,13,6
BRDA:48,1,14,5
BRDA:51,1,15,1
BRDA:54,1,16,25
BRDA:62,1,17,1
BRDA:62,1,18,1
BRDA:67,1,19,24
BRDA:72,1,20,1
BRDA:75,1,21,23
BRDA:77,1,22,16
BRDA:79,1,23,7
BRDA:87,1,24,14
BRDA:96,3,0,21
BRDA:97,3,1,9
BRDA:97,3,2,9
BRDA:102,3,3,7
BRDA:104,3,4,8
BRDA:115,4,0,2
BRDA:117,4,1,30
BRDA:117,4,2,1
BRDA:119,4,3,29
BRDA:124,4,4,21
BRDA:125,4,5,17
BRDA:127,4,6,15
BRDA:129,4,7,14
BRDA:134,4,8,3
BRDA:136,4,9,11
BRDA:148,5,0,0
BRDA:171,5,1,9
BRDA:182,6,0,1
BRF:43
BRH:41
DA:1,1
DA:5,1
DA:6,17
DA:7,0
DA:8,0
DA:9,0
DA:10,0
DA:11,32
DA:12,17
DA:13,18
DA:14,18
DA:17,32
DA:18,32
DA:21,32
DA:24,32
DA:26,32
DA:28,17
DA:29,56
DA:31,93
DA:33,56
DA:34,90
DA:35,94
DA:36,94
DA:38,90
DA:40,121
DA:41,122
DA:42,122
DA:44,121
DA:47,121
DA:48,127
DA:49,132
DA:50,132
DA:51,127
DA:52,128
DA:53,128
DA:54,121
DA:55,146
DA:56,146
DA:58,146
DA:59,146
DA:60,146
DA:61,146
DA:62,146
DA:63,147
DA:64,147
DA:66,147
DA:67,146
DA:68,170
DA:70,170
DA:72,170
DA:73,171
DA:74,171
DA:75,170
DA:76,193
DA:77,193
DA:78,209
DA:79,193
DA:80,200
DA:81,200
DA:82,193
DA:83,170
DA:84,146
DA:85,121
DA:86,90
DA:87,56
DA:88,31
DA:89,1
DA:93,1
DA:94,16
DA:95,16
DA:96,16
DA:97,37
DA:98,46
DA:99,46
DA:100,37
DA:102,16
DA:103,23
DA:104,16
DA:105,24
DA:106,24
DA:107,1
DA:111,1
DA:112,33
DA:115,33
DA:116,35
DA:117,33
DA:118,64
DA:119,64
DA:122,62
DA:123,33
DA:124,33
DA:125,33
DA:126,33
DA:127,33
DA:128,48
DA:129,48
DA:132,47
DA:134,33
DA:135,36
DA:136,36
DA:138,44
DA:139,1
DA:143,1
DA:145,4
DA:146,4
DA:147,4
DA:148,0
DA:149,0
DA:150,0
DA:151,0
DA:152,0
DA:153,0
DA:154,0
DA:155,0
DA:156,0
DA:157,0
DA:159,0
DA:160,0
DA:161,0
DA:162,0
DA:163,0
DA:164,0
DA:165,0
DA:166,0
DA:167,0
DA:170,4
DA:171,4
DA:172,13
DA:173,13
DA:175,4
DA:176,1
DA:180,1
DA:181,3
DA:182,3
DA:183,4
DA:184,4
DA:185,4
DA:186,4
DA:187,4
DA:188,4
DA:189,1
DA:191,1
LH:119
LF:142
end_of_record
SF:D:\Dev\Packages\Deno\dftps\src\db\Users.ts
FN:15,get db
FN:22,findByUsername
FN:30,findById
FN:38,findAll
FN:46,create
FN:56,update
FN:91,delete
FN:99,where
FN:101,get
FNDA:18,get db
FNDA:4,findByUsername
FNDA:2,findById
FNDA:1,findAll
FNDA:9,create
FNDA:1,update
FNDA:1,delete
FNDA:1,where
FNDA:1,get
FNF:9
FNH:9
BRDA:60,6,0,0
BRDA:64,6,1,0
BRDA:76,6,2,0
BRDA:81,6,3,0
BRDA:104,9,0,0
BRDA:105,9,1,0
BRF:6
BRH:0
DA:8,1
DA:14,1
DA:15,1
DA:16,19
DA:17,19
DA:22,1
DA:23,5
DA:24,5
DA:25,5
DA:30,1
DA:31,3
DA:32,3
DA:33,3
DA:38,1
DA:39,2
DA:40,2
DA:41,2
DA:46,1
DA:47,10
DA:48,10
DA:50,10
DA:51,10
DA:56,1
DA:57,2
DA:58,2
DA:60,0
DA:61,0
DA:62,0
DA:63,0
DA:64,0
DA:65,0
DA:66,0
DA:67,0
DA:68,2
DA:69,2
DA:70,2
DA:71,2
DA:72,2
DA:73,2
DA:74,2
DA:75,2
DA:76,0
DA:77,0
DA:78,0
DA:79,0
DA:81,0
DA:83,2
DA:84,2
DA:85,2
DA:86,2
DA:91,1
DA:92,2
DA:93,2
DA:94,2
DA:99,1
DA:100,2
DA:101,2
DA:102,3
DA:103,3
DA:104,6
DA:105,3
DA:106,0
DA:107,0
DA:108,0
DA:109,0
DA:110,0
DA:111,0
DA:112,2
DA:113,2
DA:114,1
DA:116,1
LH:52
LF:71
end_of_record
SF:D:\Dev\Packages\Deno\dftps\src\db\database.ts
FN:21,createDb
FN:45,getDb
FNDA:12,createDb
FNDA:28,getDb
FNF:2
FNH:2
BRDA:22,1,0,1
BRDA:24,1,1,11
BRDA:46,2,0,0
BRF:3
BRH:2
DA:7,2
DA:8,2
DA:19,2
DA:21,2
DA:22,14
DA:23,15
DA:24,15
DA:26,25
DA:29,25
DA:40,25
DA:42,25
DA:43,14
DA:45,2
DA:46,0
DA:47,0
DA:48,0
DA:49,30
DA:50,30
DA:52,2
DA:54,2
LH:17
LF:20
end_of_record
SF:D:\Dev\Packages\Deno\dftps\src\server\commands\ABOR.ts
FN:4,<instance_members_initializer>
FN:5,<static_initializer>
FN:15,Abor
FN:17,handler
FNDA:1,<instance_members_initializer>
FNDA:4,<static_initializer>
FNDA:1,Abor
FNDA:1,handler
FNF:4
FNH:4
BRDA:19,4,0,0
BRDA:19,4,1,0
BRDA:24,4,2,0
BRF:3
BRH:0
DA:4,4
DA:5,5
DA:6,9
DA:7,9
DA:8,5
DA:10,10
DA:11,10
DA:12,10
DA:13,9
DA:15,19
DA:17,4
DA:18,5
DA:19,0
DA:20,0
DA:21,0
DA:22,0
DA:23,5
DA:24,0
DA:25,0
DA:26,0
DA:27,0
DA:28,0
DA:29,5
DA:30,4
LH:15
LF:24
end_of_record
SF:D:\Dev\Packages\Deno\dftps\src\server\commands\ALLO.ts
FN:4,<instance_members_initializer>
FN:5,<static_initializer>
FN:15,Allo
FN:17,handler
FNDA:1,<instance_members_initializer>
FNDA:4,<static_initializer>
FNDA:1,Allo
FNDA:1,handler
FNF:4
FNH:4
BRF:0
BRH:0
DA:4,4
DA:5,5
DA:6,9
DA:7,9
DA:8,5
DA:10,10
DA:11,10
DA:12,10
DA:13,9
DA:15,19
DA:17,4
DA:18,5
DA:19,5
DA:20,4
LH:14
LF:14
end_of_record
SF:D:\Dev\Packages\Deno\dftps\src\server\commands\APPE.ts
FN:5,<instance_members_initializer>
FN:6,<static_initializer>
FN:16,Appe
FN:18,handler
FNDA:1,<instance_members_initializer>
FNDA:4,<static_initializer>
FNDA:1,Appe
FNDA:1,handler
FNF:4
FNH:4
BRDA:21,4,0,0
BRF:1
BRH:0
DA:3,4
DA:5,4
DA:6,5
DA:7,9
DA:8,9
DA:9,5
DA:11,10
DA:12,10
DA:13,10
DA:14,9
DA:16,19
DA:18,4
DA:19,5
DA:20,5
DA:21,0
DA:22,0
DA:23,0
DA:24,5
DA:25,4
LH:16
LF:19
end_of_record
SF:D:\Dev\Packages\Deno\dftps\src\server\commands\AUTH.ts
FN:5,<instance_members_initializer>
FN:6,<static_initializer>
FN:19,Auth
FN:21,handler
FNDA:2,<instance_members_initializer>
FNDA:4,<static_initializer>
FNDA:2,Auth
FNDA:2,handler
FNF:4
FNH:4
BRDA:25,4,0,1
BRDA:25,4,1,1
BRDA:28,4,2,0
BRF:3
BRH:2
DA:5,4
DA:6,6
DA:7,10
DA:8,10
DA:9,10
DA:10,10
DA:11,10
DA:12,6
DA:14,12
DA:15,12
DA:16,12
DA:17,10
DA:19,22
DA:21,4
DA:22,6
DA:23,6
DA:25,6
DA:26,7
DA:27,7
DA:28,7
DA:31,0
DA:32,0
DA:33,0
DA:34,0
DA:35,0
DA:36,0
DA:37,0
DA:38,0
DA:39,0
DA:40,0
DA:41,0
DA:42,0
DA:43,0
DA:44,0
DA:45,0
DA:46,0
DA:47,6
DA:48,4
LH:22
LF:38
end_of_record
SF:D:\Dev\Packages\Deno\dftps\src\server\commands\CDUP.ts
FN:5,<instance_members_initializer>
FN:6,<static_initializer>
FN:16,Cdup
FN:18,handler
FNDA:2,<instance_members_initializer>
FNDA:4,<static_initializer>
FNDA:2,Cdup
FNDA:2,handler
FNF:4
FNH:4
BRDA:22,4,0,0
BRF:1
BRH:0
DA:3,4
DA:5,4
DA:6,36
DA:7,10
DA:8,10
DA:9,6
DA:11,12
DA:12,12
DA:13,12
DA:14,10
DA:16,22
DA:18,4
DA:19,6
DA:20,6
DA:21,6
DA:22,0
DA:23,0
DA:24,0
DA:25,6
DA:26,4
LH:17
LF:20
end_of_record
SF:D:\Dev\Packages\Deno\dftps\src\server\commands\CLNT.ts
FN:4,<instance_members_initializer>
FN:5,<static_initializer>
FN:17,Clnt
FN:19,handler
FNDA:1,<instance_members_initializer>
FNDA:4,<static_initializer>
FNDA:1,Clnt
FNDA:1,handler
FNF:4
FNH:4
BRDA:21,4,0,0
BRDA:24,4,1,0
BRF:2
BRH:0
DA:4,4
DA:5,5
DA:6,9
DA:7,9
DA:8,9
DA:9,9
DA:10,5
DA:12,10
DA:13,10
DA:14,10
DA:15,9
DA:17,19
DA:19,4
DA:20,5
DA:21,0
DA:22,5
DA:23,5
DA:24,0
DA:25,0
DA:26,0
DA:27,0
DA:28,0
DA:29,5
DA:30,4
LH:18
LF:24
end_of_record
SF:D:\Dev\Packages\Deno\dftps\src\server\commands\CWD.ts
FN:4,<instance_members_initializer>
FN:5,<static_initializer>
FN:15,Cwd
FN:17,handler
FNDA:5,<instance_members_initializer>
FNDA:4,<static_initializer>
FNDA:5,Cwd
FNDA:5,handler
FNF:4
FNH:4
BRDA:19,4,0,2
BRDA:19,4,1,3
BRDA:20,4,2,0
BRDA:20,4,3,3
BRDA:22,4,4,1
BRDA:22,4,5,2
BRDA:25,4,6,0
BRF:7
BRH:5
DA:4,4
DA:5,48
DA:6,13
DA:7,13
DA:8,9
DA:10,18
DA:11,18
DA:12,18
DA:13,13
DA:15,31
DA:17,4
DA:18,9
DA:19,9
DA:20,0
DA:22,9
DA:23,11
DA:24,11
DA:25,0
DA:26,0
DA:27,0
DA:28,0
DA:29,0
DA:30,9
DA:31,4
LH:18
LF:24
end_of_record
SF:D:\Dev\Packages\Deno\dftps\src\server\commands\DELE.ts
FN:4,<instance_members_initializer>
FN:5,<static_initializer>
FN:15,Dele
FN:17,handler
FNDA:6,<instance_members_initializer>
FNDA:4,<static_initializer>
FNDA:6,Dele
FNDA:6,handler
FNF:4
FNH:4
BRDA:19,4,0,2
BRDA:19,4,1,4
BRDA:20,4,2,0
BRDA:20,4,3,4
BRDA:21,4,4,2
BRDA:24,4,5,0
BRF:6
BRH:4
DA:4,4
DA:5,10
DA:6,14
DA:7,14
DA:8,10
DA:10,20
DA:11,20
DA:12,20
DA:13,14
DA:15,34
DA:17,4
DA:18,10
DA:19,10
DA:20,0
DA:21,10
DA:22,12
DA:23,12
DA:24,0
DA:25,0
DA:26,0
DA:27,0
DA:28,0
DA:29,10
DA:30,4
LH:18
LF:24
end_of_record
SF:D:\Dev\Packages\Deno\dftps\src\server\commands\EPRT.ts
FN:10,<instance_members_initializer>
FN:11,<static_initializer>
FN:21,Eprt
FN:23,handler
FNDA:1,<instance_members_initializer>
FNDA:4,<static_initializer>
FNDA:1,Eprt
FNDA:1,handler
FNF:4
FNH:4
BRDA:25,4,0,0
BRF:1
BRH:0
DA:3,4
DA:10,4
DA:11,5
DA:12,9
DA:13,9
DA:14,5
DA:16,10
DA:17,10
DA:18,10
DA:19,9
DA:21,19
DA:23,4
DA:24,5
DA:25,5
DA:26,0
DA:29,0
DA:30,0
DA:31,0
DA:32,0
DA:33,0
DA:34,0
DA:35,0
DA:36,0
DA:37,5
DA:38,4
LH:16
LF:25
end_of_record
SF:D:\Dev\Packages\Deno\dftps\src\server\commands\EPSV.ts
FN:5,<instance_members_initializer>
FN:6,<static_initializer>
FN:16,Epsv
FN:18,handler
FNDA:0,<instance_members_initializer>
FNDA:4,<static_initializer>
FNDA:0,Epsv
FNDA:0,handler
FNF:4
FNH:1
BRF:0
BRH:0
DA:3,4
DA:5,4
DA:6,0
DA:7,0
DA:8,0
DA:9,0
DA:11,0
DA:12,0
DA:13,0
DA:14,0
DA:16,0
DA:18,0
DA:19,0
DA:20,0
DA:21,0
DA:22,0
DA:23,0
DA:24,0
DA:25,0
DA:26,0
DA:27,0
DA:28,0
DA:29,4
LH:3
LF:23
end_of_record
SF:D:\Dev\Packages\Deno\dftps\src\server\commands\FEAT.ts
FN:5,<instance_members_initializer>
FN:6,<static_initializer>
FN:18,Feat
FN:20,handler
FNDA:1,<instance_members_initializer>
FNDA:4,<static_initializer>
FNDA:1,Feat
FNDA:1,handler
FNF:4
FNH:4
BRDA:24,4,0,40
BRDA:25,4,1,9
BRDA:38,4,2,0
BRF:3
BRH:2
DA:3,4
DA:5,4
DA:6,5
DA:7,9
DA:8,9
DA:9,9
DA:10,9
DA:11,5
DA:13,10
DA:14,10
DA:15,10
DA:16,9
DA:18,19
DA:20,4
DA:21,15
DA:24,5
DA:25,45
DA:26,54
DA:27,54
DA:28,45
DA:31,5
DA:32,5
DA:33,5
DA:34,5
DA:35,40
DA:36,5
DA:37,5
DA:38,0
DA:39,0
DA:40,0
DA:41,5
DA:42,4
LH:29
LF:32
end_of_record
SF:D:\Dev\Packages\Deno\dftps\src\server\commands\LIST.ts
FN:6,<instance_members_initializer>
FN:7,<static_initializer>
FN:18,List
FN:20,handler
FNDA:5,<instance_members_initializer>
FNDA:4,<static_initializer>
FNDA:5,List
FNDA:5,handler
FNF:4
FNH:4
BRDA:22,4,0,2
BRDA:22,4,1,3
BRDA:23,4,2,0
BRDA:23,4,3,3
BRDA:24,4,4,0
BRDA:24,4,5,3
BRDA:28,4,6,1
BRDA:30,4,7,0
BRDA:35,4,8,0
BRDA:40,4,9,2
BRDA:41,4,10,0
BRDA:44,4,11,0
BRDA:47,4,12,0
BRDA:49,4,13,0
BRDA:59,4,14,2
BRDA:60,4,15,0
BRF:16
BRH:7
DA:3,4
DA:6,4
DA:7,48
DA:8,13
DA:9,13
DA:10,13
DA:11,9
DA:13,18
DA:14,18
DA:15,18
DA:16,13
DA:18,31
DA:20,4
DA:21,9
DA:22,9
DA:23,0
DA:24,0
DA:25,12
DA:26,9
DA:27,9
DA:28,9
DA:29,10
DA:30,0
DA:31,0
DA:32,0
DA:33,10
DA:34,10
DA:35,0
DA:37,10
DA:40,10
DA:41,0
DA:43,12
DA:44,0
DA:45,0
DA:46,0
DA:47,0
DA:48,12
DA:49,0
DA:50,12
DA:52,12
DA:53,12
DA:54,12
DA:55,12
DA:57,10
DA:58,10
DA:59,9
DA:60,0
DA:61,0
DA:62,0
DA:63,0
DA:64,0
DA:65,9
DA:66,4
LH:36
LF:53
end_of_record
SF:D:\Dev\Packages\Deno\dftps\src\server\commands\MDTM.ts
FN:5,<instance_members_initializer>
FN:6,<static_initializer>
FN:18,Mdtm
FN:20,handler
FNDA:3,<instance_members_initializer>
FNDA:4,<static_initializer>
FNDA:3,Mdtm
FNDA:3,handler
FNF:4
FNH:4
BRDA:22,4,0,1
BRDA:22,4,1,2
BRDA:23,4,2,0
BRDA:23,4,3,2
BRDA:24,4,4,1
BRDA:26,4,5,0
BRDA:26,4,6,1
BRDA:29,4,7,0
BRF:8
BRH:5
DA:3,4
DA:5,4
DA:6,7
DA:7,11
DA:8,11
DA:9,11
DA:10,11
DA:11,7
DA:13,14
DA:14,14
DA:15,14
DA:16,11
DA:18,25
DA:20,4
DA:21,7
DA:22,7
DA:23,0
DA:24,7
DA:25,8
DA:26,0
DA:27,8
DA:28,8
DA:29,0
DA:30,0
DA:31,0
DA:32,0
DA:33,0
DA:34,7
DA:35,4
LH:22
LF:29
end_of_record
SF:D:\Dev\Packages\Deno\dftps\src\server\commands\MFMT.ts
FN:10,<instance_members_initializer>
FN:11,<static_initializer>
FN:23,Mfmt
FN:25,handler
FNDA:3,<instance_members_initializer>
FNDA:4,<static_initializer>
FNDA:3,Mfmt
FNDA:3,handler
FNF:4
FNH:4
BRDA:27,4,0,1
BRDA:27,4,1,2
BRDA:28,4,2,1
BRDA:34,4,3,0
BRDA:36,4,4,1
BRDA:50,4,5,0
BRDA:52,4,6,1
BRDA:59,4,7,0
BRDA:61,4,8,1
BRDA:69,4,9,0
BRF:10
BRH:6
DA:3,4
DA:10,4
DA:11,7
DA:12,11
DA:13,11
DA:14,11
DA:15,11
DA:16,7
DA:18,14
DA:19,14
DA:20,14
DA:21,11
DA:23,25
DA:25,4
DA:26,7
DA:27,7
DA:28,7
DA:31,8
DA:32,8
DA:34,0
DA:35,0
DA:36,0
DA:38,8
DA:41,8
DA:42,8
DA:43,8
DA:44,8
DA:45,8
DA:46,8
DA:48,8
DA:50,0
DA:51,0
DA:52,0
DA:54,8
DA:57,8
DA:58,8
DA:59,0
DA:60,0
DA:61,0
DA:64,8
DA:67,8
DA:68,8
DA:69,0
DA:70,0
DA:71,0
DA:72,0
DA:73,0
DA:74,0
DA:75,0
DA:76,0
DA:77,7
DA:78,4
LH:35
LF:52
end_of_record
SF:D:\Dev\Packages\Deno\dftps\src\server\commands\MKD.ts
FN:4,<instance_members_initializer>
FN:5,<static_initializer>
FN:15,Mkd
FN:17,handler
FNDA:3,<instance_members_initializer>
FNDA:4,<static_initializer>
FNDA:3,Mkd
FNDA:3,handler
FNF:4
FNH:4
BRDA:19,4,0,1
BRDA:19,4,1,2
BRDA:20,4,2,0
BRDA:20,4,3,2
BRDA:21,4,4,1
BRDA:24,4,5,0
BRF:6
BRH:4
DA:4,4
DA:5,40
DA:6,11
DA:7,11
DA:8,7
DA:10,14
DA:11,14
DA:12,14
DA:13,11
DA:15,25
DA:17,4
DA:18,7
DA:19,7
DA:20,0
DA:21,7
DA:22,8
DA:23,8
DA:24,0
DA:25,0
DA:26,0
DA:27,0
DA:28,0
DA:29,0
DA:30,7
DA:31,4
LH:18
LF:25
end_of_record
SF:D:\Dev\Packages\Deno\dftps\src\server\commands\MLSD.ts
FN:10,<instance_members_initializer>
FN:11,<static_initializer>
FN:23,Mlsd
FN:25,handler
FNDA:2,<instance_members_initializer>
FNDA:4,<static_initializer>
FNDA:2,Mlsd
FNDA:2,handler
FNF:4
FNH:4
BRDA:27,4,0,1
BRDA:28,4,1,0
BRDA:28,4,2,1
BRDA:33,4,3,1
BRDA:35,4,4,0
BRDA:37,4,5,0
BRDA:60,4,6,0
BRDA:63,4,7,0
BRF:8
BRH:3
DA:3,4
DA:4,4
DA:10,4
DA:11,6
DA:12,10
DA:13,10
DA:14,10
DA:15,10
DA:16,6
DA:18,12
DA:19,12
DA:20,12
DA:21,10
DA:23,22
DA:25,4
DA:26,6
DA:27,6
DA:28,0
DA:30,6
DA:31,6
DA:33,6
DA:34,7
DA:35,0
DA:36,7
DA:37,7
DA:39,0
DA:41,0
DA:42,0
DA:43,0
DA:45,0
DA:46,0
DA:47,0
DA:48,0
DA:49,0
DA:51,0
DA:52,0
DA:53,0
DA:54,0
DA:55,0
DA:56,0
DA:57,0
DA:58,0
DA:59,0
DA:60,0
DA:61,0
DA:62,0
DA:63,0
DA:64,0
DA:65,0
DA:66,0
DA:67,0
DA:68,6
DA:69,4
LH:25
LF:53
end_of_record
SF:D:\Dev\Packages\Deno\dftps\src\server\commands\MLST.ts
FN:10,<instance_members_initializer>
FN:11,<static_initializer>
FN:23,Mlst
FN:25,handler
FNDA:3,<instance_members_initializer>
FNDA:4,<static_initializer>
FNDA:3,Mlst
FNDA:3,handler
FNF:4
FNH:4
BRDA:27,4,0,1
BRDA:27,4,1,2
BRDA:28,4,2,0
BRDA:28,4,3,2
BRDA:30,4,4,1
BRDA:34,4,5,2
BRDA:46,4,6,0
BRDA:52,4,7,0
BRF:8
BRH:5
DA:3,4
DA:10,4
DA:11,7
DA:12,11
DA:13,11
DA:14,11
DA:15,11
DA:16,7
DA:18,14
DA:19,14
DA:20,14
DA:21,11
DA:23,25
DA:25,4
DA:26,7
DA:27,7
DA:28,0
DA:30,7
DA:31,7
DA:33,7
DA:34,7
DA:35,9
DA:41,9
DA:42,9
DA:43,9
DA:44,9
DA:45,9
DA:46,0
DA:47,0
DA:48,0
DA:49,0
DA:50,0
DA:51,0
DA:52,0
DA:53,0
DA:54,0
DA:55,0
DA:56,0
DA:57,7
DA:58,4
LH:28
LF:40
end_of_record
SF:D:\Dev\Packages\Deno\dftps\src\server\commands\MODE.ts
FN:4,<instance_members_initializer>
FN:5,<static_initializer>
FN:15,Mode
FN:17,handler
FNDA:2,<instance_members_initializer>
FNDA:4,<static_initializer>
FNDA:2,Mode
FNDA:2,handler
FNF:4
FNH:4
BRDA:18,4,0,1
BRDA:18,4,1,1
BRF:2
BRH:2
DA:4,4
DA:5,6
DA:6,10
DA:7,10
DA:8,6
DA:10,12
DA:11,12
DA:12,12
DA:13,10
DA:15,22
DA:17,4
DA:18,6
DA:19,6
DA:20,4
LH:14
LF:14
end_of_record
SF:D:\Dev\Packages\Deno\dftps\src\server\commands\NLST.ts
FN:5,<instance_members_initializer>
FN:6,<static_initializer>
FN:16,Nlst
FN:18,handler
FNDA:2,<instance_members_initializer>
FNDA:4,<static_initializer>
FNDA:2,Nlst
FNDA:2,handler
FNF:4
FNH:4
BRDA:21,4,0,0
BRF:1
BRH:0
DA:3,4
DA:5,4
DA:6,6
DA:7,10
DA:8,10
DA:9,6
DA:11,12
DA:12,12
DA:13,12
DA:14,10
DA:16,22
DA:18,4
DA:19,6
DA:20,6
DA:21,0
DA:22,0
DA:23,0
DA:24,6
DA:25,4
LH:16
LF:19
end_of_record
SF:D:\Dev\Packages\Deno\dftps\src\server\commands\NOOP.ts
FN:4,<instance_members_initializer>
FN:5,<static_initializer>
FN:15,Noop
FN:17,handler
FNDA:1,<instance_members_initializer>
FNDA:4,<static_initializer>
FNDA:1,Noop
FNDA:1,handler
FNF:4
FNH:4
BRF:0
BRH:0
DA:4,4
DA:5,5
DA:6,9
DA:7,9
DA:8,5
DA:10,10
DA:11,10
DA:12,10
DA:13,9
DA:15,19
DA:17,4
DA:18,5
DA:19,5
DA:20,4
LH:14
LF:14
end_of_record
SF:D:\Dev\Packages\Deno\dftps\src\server\commands\OPTS.ts
FN:5,utf8
FN:16,<instance_members_initializer>
FN:17,<static_initializer>
FN:27,Opts
FN:29,handler
FNDA:1,utf8
FNDA:2,<instance_members_initializer>
FNDA:4,<static_initializer>
FNDA:2,Opts
FNDA:2,handler
FNF:5
FNH:5
BRDA:9,1,0,0
BRDA:11,1,1,0
BRDA:30,5,0,1
BRDA:33,5,1,0
BRDA:33,5,2,1
BRDA:35,5,3,0
BRDA:35,5,4,1
BRF:7
BRH:3
DA:4,4
DA:5,4
DA:6,5
DA:7,5
DA:8,5
DA:9,0
DA:10,0
DA:11,0
DA:12,0
DA:13,5
DA:14,5
DA:15,4
DA:16,4
DA:17,6
DA:18,10
DA:19,10
DA:20,6
DA:22,12
DA:23,12
DA:24,12
DA:25,10
DA:27,22
DA:29,4
DA:30,6
DA:31,7
DA:32,7
DA:33,0
DA:34,7
DA:35,0
DA:36,7
DA:37,7
DA:38,6
DA:39,4
LH:27
LF:33
end_of_record
SF:D:\Dev\Packages\Deno\dftps\src\server\commands\PASS.ts
FN:4,<instance_members_initializer>
FN:5,<static_initializer>
FN:17,Pass
FN:19,handler
FNDA:4,<instance_members_initializer>
FNDA:4,<static_initializer>
FNDA:4,Pass
FNDA:4,handler
FNF:4
FNH:4
BRDA:21,4,0,1
BRDA:21,4,1,3
BRDA:22,4,2,1
BRDA:22,4,3,2
BRDA:23,4,4,1
BRDA:26,4,5,0
BRF:6
BRH:5
DA:4,4
DA:5,8
DA:6,12
DA:7,12
DA:8,12
DA:9,12
DA:10,8
DA:12,16
DA:13,16
DA:14,16
DA:15,12
DA:17,28
DA:19,4
DA:20,8
DA:21,8
DA:22,8
DA:23,8
DA:24,9
DA:25,9
DA:26,0
DA:27,0
DA:28,0
DA:29,0
DA:30,0
DA:31,8
DA:32,4
LH:21
LF:26
end_of_record
SF:D:\Dev\Packages\Deno\dftps\src\server\commands\PASV.ts
FN:5,<instance_members_initializer>
FN:6,<static_initializer>
FN:16,Pasv
FN:18,handler
FNDA:1,<instance_members_initializer>
FNDA:4,<static_initializer>
FNDA:1,Pasv
FNDA:0,handler
FNF:4
FNH:3
BRF:0
BRH:0
DA:3,4
DA:5,4
DA:6,5
DA:7,9
DA:8,9
DA:9,5
DA:11,10
DA:12,10
DA:13,10
DA:14,9
DA:16,19
DA:18,0
DA:19,0
DA:20,0
DA:21,0
DA:23,0
DA:24,0
DA:25,0
DA:26,0
DA:27,0
DA:28,0
DA:29,0
DA:30,0
DA:31,0
DA:32,4
LH:12
LF:25
end_of_record
SF:D:\Dev\Packages\Deno\dftps\src\server\commands\PBSZ.ts
FN:4,<instance_members_initializer>
FN:5,<static_initializer>
FN:18,Pbsz
FN:20,handler
FNDA:2,<instance_members_initializer>
FNDA:4,<static_initializer>
FNDA:2,Pbsz
FNDA:2,handler
FNF:4
FNH:4
BRDA:21,4,0,1
BRDA:22,4,1,0
BRDA:22,4,2,1
BRDA:24,4,3,0
BRF:4
BRH:2
DA:4,4
DA:5,6
DA:6,10
DA:7,10
DA:8,10
DA:9,10
DA:10,10
DA:11,6
DA:13,12
DA:14,12
DA:15,12
DA:16,10
DA:18,22
DA:20,4
DA:21,6
DA:22,0
DA:23,7
DA:24,0
DA:25,6
DA:26,4
LH:18
LF:20
end_of_record
SF:D:\Dev\Packages\Deno\dftps\src\server\commands\PORT.ts
FN:5,<instance_members_initializer>
FN:6,<static_initializer>
FN:16,Port
FN:18,handler
FNDA:2,<instance_members_initializer>
FNDA:4,<static_initializer>
FNDA:2,Port
FNDA:2,handler
FNF:4
FNH:4
BRDA:20,4,0,1
BRDA:23,4,1,0
BRF:2
BRH:1
DA:3,4
DA:5,4
DA:6,6
DA:7,10
DA:8,10
DA:9,6
DA:11,12
DA:12,12
DA:13,12
DA:14,10
DA:16,22
DA:18,4
DA:19,6
DA:20,6
DA:21,7
DA:22,7
DA:23,7
DA:25,0
DA:26,0
DA:27,0
DA:29,0
DA:30,0
DA:31,0
DA:32,0
DA:33,0
DA:34,0
DA:35,0
DA:36,6
DA:37,4
LH:19
LF:29
end_of_record
SF:D:\Dev\Packages\Deno\dftps\src\server\commands\PROT.ts
FN:4,<instance_members_initializer>
FN:5,<static_initializer>
FN:18,Pbsz
FN:20,handler
FNDA:3,<instance_members_initializer>
FNDA:4,<static_initializer>
FNDA:3,Pbsz
FNDA:3,handler
FNF:4
FNH:4
BRDA:21,4,0,1
BRDA:21,4,1,2
BRDA:22,4,2,1
BRDA:23,4,3,0
BRDA:23,4,4,1
BRDA:25,4,5,1
BRDA:27,4,6,0
BRDA:28,4,7,0
BRDA:29,4,8,0
BRDA:31,4,9,0
BRF:10
BRH:5
DA:4,4
DA:5,7
DA:6,11
DA:7,11
DA:8,11
DA:9,11
DA:10,11
DA:11,7
DA:13,14
DA:14,14
DA:15,14
DA:16,11
DA:18,25
DA:20,4
DA:21,7
DA:22,7
DA:23,0
DA:24,7
DA:25,7
DA:26,8
DA:27,0
DA:28,0
DA:29,0
DA:30,0
DA:31,0
DA:32,0
DA:33,7
DA:34,7
DA:35,4
LH:22
LF:29
end_of_record
SF:D:\Dev\Packages\Deno\dftps\src\server\commands\PWD.ts
FN:4,<instance_members_initializer>
FN:5,<static_initializer>
FN:17,Pwd
FN:19,handler
FNDA:3,<instance_members_initializer>
FNDA:4,<static_initializer>
FNDA:3,Pwd
FNDA:3,handler
FNF:4
FNH:4
BRDA:21,4,0,1
BRDA:21,4,1,2
BRDA:22,4,2,0
BRDA:22,4,3,2
BRDA:25,4,4,0
BRF:5
BRH:3
DA:4,4
DA:5,40
DA:6,11
DA:7,11
DA:8,11
DA:9,11
DA:10,7
DA:12,14
DA:13,14
DA:14,14
DA:15,11
DA:17,25
DA:19,4
DA:20,7
DA:21,7
DA:22,0
DA:23,9
DA:24,9
DA:25,0
DA:26,0
DA:27,0
DA:28,0
DA:29,0
DA:30,7
DA:31,4
LH:19
LF:25
end_of_record
SF:D:\Dev\Packages\Deno\dftps\src\server\commands\QUIT.ts
FN:4,<instance_members_initializer>
FN:5,<static_initializer>
FN:15,Quit
FN:17,handler
FNDA:1,<instance_members_initializer>
FNDA:4,<static_initializer>
FNDA:1,Quit
FNDA:1,handler
FNF:4
FNH:4
BRDA:20,4,0,0
BRF:1
BRH:0
DA:4,4
DA:5,5
DA:6,9
DA:7,9
DA:8,5
DA:10,10
DA:11,10
DA:12,10
DA:13,9
DA:15,19
DA:17,4
DA:18,5
DA:19,5
DA:20,0
DA:21,0
DA:22,0
DA:23,5
DA:24,4
LH:15
LF:18
end_of_record
SF:D:\Dev\Packages\Deno\dftps\src\server\commands\REST.ts
FN:4,<instance_members_initializer>
FN:5,<static_initializer>
FN:17,Rest
FN:19,handler
FNDA:2,<instance_members_initializer>
FNDA:4,<static_initializer>
FNDA:2,Rest
FNDA:2,handler
FNF:4
FNH:4
BRDA:20,4,0,1
BRDA:21,4,1,1
BRDA:21,4,2,1
BRF:3
BRH:3
DA:4,4
DA:5,6
DA:6,10
DA:7,10
DA:8,10
DA:9,10
DA:10,6
DA:12,12
DA:13,12
DA:14,12
DA:15,10
DA:17,22
DA:19,4
DA:20,6
DA:21,6
DA:22,7
DA:23,7
DA:24,6
DA:25,4
LH:19
LF:19
end_of_record
SF:D:\Dev\Packages\Deno\dftps\src\server\commands\RETR.ts
FN:4,<instance_members_initializer>
FN:5,<static_initializer>
FN:15,Retr
FN:17,handler
FNDA:3,<instance_members_initializer>
FNDA:4,<static_initializer>
FNDA:3,Retr
FNDA:3,handler
FNF:4
FNH:4
BRDA:19,4,0,1
BRDA:19,4,1,2
BRDA:20,4,2,0
BRDA:20,4,3,2
BRDA:21,4,4,1
BRDA:22,4,5,0
BRF:6
BRH:4
DA:4,4
DA:5,7
DA:6,11
DA:7,11
DA:8,7
DA:10,14
DA:11,14
DA:12,14
DA:13,11
DA:15,25
DA:17,4
DA:18,7
DA:19,7
DA:20,0
DA:21,7
DA:22,8
DA:23,0
DA:24,0
DA:26,0
DA:27,0
DA:29,0
DA:31,0
DA:32,0
DA:33,0
DA:34,0
DA:35,0
DA:36,0
DA:37,0
DA:38,0
DA:39,0
DA:40,7
DA:41,4
LH:17
LF:32
end_of_record
SF:D:\Dev\Packages\Deno\dftps\src\server\commands\RMD.ts
FN:5,<instance_members_initializer>
FN:6,<static_initializer>
FN:16,Cdup
FN:18,handler
FNDA:3,<instance_members_initializer>
FNDA:4,<static_initializer>
FNDA:3,Cdup
FNDA:3,handler
FNF:4
FNH:4
BRDA:21,4,0,0
BRF:1
BRH:0
DA:3,4
DA:5,4
DA:6,40
DA:7,11
DA:8,11
DA:9,7
DA:11,14
DA:12,14
DA:13,14
DA:14,11
DA:16,25
DA:18,4
DA:19,7
DA:20,7
DA:21,0
DA:22,0
DA:23,0
DA:24,7
DA:25,4
LH:16
LF:19
end_of_record
SF:D:\Dev\Packages\Deno\dftps\src\server\commands\RNFR.ts
FN:4,<instance_members_initializer>
FN:5,<static_initializer>
FN:15,Rnfr
FN:17,handler
FNDA:3,<instance_members_initializer>
FNDA:4,<static_initializer>
FNDA:3,Rnfr
FNDA:3,handler
FNF:4
FNH:4
BRDA:19,4,0,1
BRDA:19,4,1,2
BRDA:20,4,2,0
BRDA:20,4,3,2
BRDA:21,4,4,1
BRDA:25,4,5,0
BRF:6
BRH:4
DA:4,4
DA:5,7
DA:6,11
DA:7,11
DA:8,7
DA:10,14
DA:11,14
DA:12,14
DA:13,11
DA:15,25
DA:17,4
DA:18,7
DA:19,7
DA:20,0
DA:21,7
DA:22,8
DA:23,8
DA:24,8
DA:25,0
DA:26,0
DA:27,0
DA:28,0
DA:29,0
DA:30,7
DA:31,4
LH:19
LF:25
end_of_record
SF:D:\Dev\Packages\Deno\dftps\src\server\commands\RNTO.ts
FN:4,<instance_members_initializer>
FN:5,<static_initializer>
FN:15,Rnto
FN:17,handler
FNDA:4,<instance_members_initializer>
FNDA:4,<static_initializer>
FNDA:4,Rnto
FNDA:4,handler
FNF:4
FNH:4
BRDA:19,4,0,1
BRDA:19,4,1,3
BRDA:20,4,2,0
BRDA:20,4,3,3
BRDA:21,4,4,1
BRDA:21,4,5,2
BRDA:24,4,6,0
BRF:7
BRH:5
DA:4,4
DA:5,8
DA:6,12
DA:7,12
DA:8,8
DA:10,16
DA:11,16
DA:12,16
DA:13,12
DA:15,28
DA:17,4
DA:18,8
DA:19,8
DA:20,0
DA:21,8
DA:22,10
DA:23,10
DA:24,0
DA:25,0
DA:26,0
DA:27,0
DA:28,0
DA:29,8
DA:30,4
LH:18
LF:24
end_of_record
SF:D:\Dev\Packages\Deno\dftps\src\server\commands\SITE.ts
FN:4,<instance_members_initializer>
FN:5,<static_initializer>
FN:15,Site
FN:17,handler
FNDA:1,<instance_members_initializer>
FNDA:4,<static_initializer>
FNDA:1,Site
FNDA:1,handler
FNF:4
FNH:4
BRDA:19,4,0,0
BRDA:29,4,1,0
BRDA:31,4,2,0
BRF:3
BRH:0
DA:4,4
DA:5,5
DA:6,9
DA:7,9
DA:8,5
DA:10,10
DA:11,10
DA:12,10
DA:13,9
DA:15,19
DA:17,4
DA:18,5
DA:19,5
DA:20,0
DA:21,0
DA:23,0
DA:24,0
DA:25,0
DA:26,0
DA:27,0
DA:28,0
DA:29,0
DA:30,0
DA:31,5
DA:32,0
DA:33,0
DA:34,0
DA:35,0
DA:36,0
DA:37,0
DA:38,5
DA:39,4
LH:16
LF:32
end_of_record
SF:D:\Dev\Packages\Deno\dftps\src\server\commands\STAT.ts
FN:6,<instance_members_initializer>
FN:7,<static_initializer>
FN:17,Stat
FN:19,handler
FNDA:2,<instance_members_initializer>
FNDA:4,<static_initializer>
FNDA:2,Stat
FNDA:2,handler
FNF:4
FNH:4
BRDA:21,4,0,1
BRDA:22,4,1,0
BRDA:22,4,2,1
BRDA:23,4,3,0
BRF:4
BRH:2
DA:3,4
DA:6,4
DA:7,6
DA:8,10
DA:9,10
DA:10,6
DA:12,12
DA:13,12
DA:14,12
DA:15,10
DA:17,22
DA:19,4
DA:20,6
DA:21,6
DA:22,0
DA:23,7
DA:24,0
DA:25,0
DA:29,0
DA:30,0
DA:31,0
DA:32,0
DA:33,0
DA:34,0
DA:35,0
DA:36,0
DA:37,0
DA:38,0
DA:39,0
DA:40,0
DA:41,0
DA:42,0
DA:43,0
DA:44,0
DA:45,0
DA:46,6
DA:47,4
LH:17
LF:37
end_of_record
SF:D:\Dev\Packages\Deno\dftps\src\server\commands\STOR.ts
FN:4,<instance_members_initializer>
FN:5,<static_initializer>
FN:15,Stor
FN:17,handler
FNDA:4,<instance_members_initializer>
FNDA:4,<static_initializer>
FNDA:4,Stor
FNDA:4,handler
FNF:4
FNH:4
BRDA:19,4,0,2
BRDA:20,4,1,0
BRDA:20,4,2,2
BRDA:21,4,3,1
BRDA:22,4,4,0
BRDA:40,4,5,0
BRF:6
BRH:3
DA:4,4
DA:5,44
DA:6,12
DA:7,12
DA:8,8
DA:10,16
DA:11,16
DA:12,16
DA:13,12
DA:15,28
DA:17,4
DA:18,8
DA:19,8
DA:20,0
DA:21,8
DA:22,9
DA:23,0
DA:24,0
DA:25,0
DA:26,0
DA:28,0
DA:30,0
DA:31,0
DA:32,0
DA:33,0
DA:34,0
DA:35,0
DA:36,0
DA:37,0
DA:38,0
DA:39,0
DA:40,0
DA:41,0
DA:42,0
DA:43,0
DA:44,0
DA:45,0
DA:46,0
DA:47,0
DA:48,0
DA:49,0
DA:50,8
DA:51,4
LH:17
LF:43
end_of_record
SF:D:\Dev\Packages\Deno\dftps\src\server\commands\STRU.ts
FN:4,<instance_members_initializer>
FN:5,<static_initializer>
FN:15,Stou
FN:17,handler
FNDA:2,<instance_members_initializer>
FNDA:4,<static_initializer>
FNDA:2,Stou
FNDA:2,handler
FNF:4
FNH:4
BRDA:18,4,0,0
BRDA:19,4,1,1
BRDA:19,4,2,1
BRF:3
BRH:2
DA:4,4
DA:5,6
DA:6,10
DA:7,10
DA:8,6
DA:10,12
DA:11,12
DA:12,12
DA:13,10
DA:15,22
DA:17,4
DA:18,0
DA:19,6
DA:20,6
DA:21,4
LH:14
LF:15
end_of_record
SF:D:\Dev\Packages\Deno\dftps\src\server\commands\SYST.ts
FN:4,<instance_members_initializer>
FN:5,<static_initializer>
FN:17,Syst
FN:19,handler
FNDA:1,<instance_members_initializer>
FNDA:4,<static_initializer>
FNDA:1,Syst
FNDA:1,handler
FNF:4
FNH:4
BRF:0
BRH:0
DA:4,4
DA:5,5
DA:6,9
DA:7,9
DA:8,9
DA:9,9
DA:10,5
DA:12,10
DA:13,10
DA:14,10
DA:15,9
DA:17,19
DA:19,4
DA:20,5
DA:21,5
DA:22,4
LH:16
LF:16
end_of_record
SF:D:\Dev\Packages\Deno\dftps\src\server\commands\TYPE.ts
FN:4,<instance_members_initializer>
FN:5,<static_initializer>
FN:17,Type
FN:19,handler
FNDA:5,<instance_members_initializer>
FNDA:4,<static_initializer>
FNDA:5,Type
FNDA:5,handler
FNF:4
FNH:4
BRDA:20,4,0,4
BRDA:20,4,1,1
BRDA:20,4,2,4
BRDA:21,4,3,1
BRDA:23,4,4,3
BRDA:23,4,5,2
BRDA:23,4,6,2
BRDA:25,4,7,1
BRF:8
BRH:8
DA:4,4
DA:5,9
DA:6,13
DA:7,13
DA:8,13
DA:9,13
DA:10,9
DA:12,18
DA:13,18
DA:14,18
DA:15,13
DA:17,31
DA:19,4
DA:20,9
DA:21,9
DA:22,10
DA:23,9
DA:24,14
DA:25,12
DA:26,13
DA:27,13
DA:28,12
DA:29,9
DA:30,4
LH:24
LF:24
end_of_record
SF:D:\Dev\Packages\Deno\dftps\src\server\commands\USER.ts
FN:4,<instance_members_initializer>
FN:5,<static_initializer>
FN:17,User
FN:19,handler
FNDA:5,<instance_members_initializer>
FNDA:4,<static_initializer>
FNDA:5,User
FNDA:5,handler
FNF:4
FNH:4
BRDA:20,4,0,1
BRDA:20,4,1,4
BRDA:21,4,2,1
BRDA:21,4,3,3
BRDA:22,4,4,1
BRDA:22,4,5,2
BRDA:25,4,6,1
BRDA:25,4,7,1
BRDA:26,4,8,0
BRDA:27,4,9,1
BRF:10
BRH:9
DA:4,4
DA:5,9
DA:6,13
DA:7,13
DA:8,13
DA:9,13
DA:10,9
DA:12,18
DA:13,18
DA:14,18
DA:15,13
DA:17,31
DA:19,4
DA:20,9
DA:21,9
DA:22,9
DA:24,0
DA:25,0
DA:26,0
DA:27,0
DA:32,10
DA:33,10
DA:34,10
DA:35,10
DA:36,9
DA:37,4
LH:22
LF:26
end_of_record
SF:D:\Dev\Packages\Deno\dftps\src\server\commands\_REGISTRY.ts
FN:158,findCommand
FN:162,parseCommand
FN:166,args.reduce.args
FNDA:121,findCommand
FNDA:9,parseCommand
FNDA:10,args.reduce.args
FNF:3
FNH:3
BRDA:151,0,0,160
BRDA:152,0,1,28
BRDA:152,0,2,132
BRDA:153,0,3,188
BRDA:175,2,0,6
BRDA:175,2,1,3
BRDA:168,3,0,6
BRDA:168,3,1,1
BRDA:168,3,2,9
BRF:9
BRH:9
DA:2,4
DA:3,4
DA:4,4
DA:5,4
DA:6,4
DA:7,4
DA:8,4
DA:9,4
DA:10,4
DA:11,4
DA:12,4
DA:13,4
DA:14,4
DA:15,4
DA:16,4
DA:17,4
DA:18,4
DA:19,4
DA:20,4
DA:21,4
DA:22,4
DA:23,4
DA:24,4
DA:25,4
DA:26,4
DA:27,4
DA:28,4
DA:29,4
DA:30,4
DA:31,4
DA:32,4
DA:33,4
DA:34,4
DA:35,4
DA:36,4
DA:37,4
DA:38,4
DA:39,4
DA:40,4
DA:41,4
DA:106,4
DA:107,4
DA:108,4
DA:109,4
DA:110,4
DA:111,4
DA:112,4
DA:113,4
DA:114,4
DA:115,4
DA:116,4
DA:117,4
DA:118,4
DA:119,4
DA:120,4
DA:121,4
DA:122,4
DA:123,4
DA:124,4
DA:125,4
DA:126,4
DA:127,4
DA:128,4
DA:129,4
DA:130,4
DA:131,4
DA:132,4
DA:133,4
DA:134,4
DA:135,4
DA:136,4
DA:137,4
DA:138,4
DA:139,4
DA:140,4
DA:141,4
DA:142,4
DA:143,4
DA:144,4
DA:145,4
DA:146,4
DA:147,4
DA:150,4
DA:151,4
DA:152,624
DA:153,164
DA:154,352
DA:155,352
DA:156,164
DA:158,4
DA:159,125
DA:160,125
DA:162,4
DA:163,13
DA:164,13
DA:165,65
DA:166,13
DA:167,23
DA:168,23
DA:169,32
DA:170,92
DA:171,52
DA:173,13
DA:174,13
DA:175,13
DA:176,13
DA:177,13
DA:178,13
DA:179,13
LH:109
LF:109
end_of_record
SF:D:\Dev\Packages\Deno\dftps\src\server\connection.ts
FN:58,<instance_members_initializer>
FN:87,Connection
FN:102,debug
FN:106,get closed
FN:111,setUsername
FN:125,login
FN:157,close
FN:169,reply
FN:237,commands
FNDA:1,<instance_members_initializer>
FNDA:1,Connection
FNDA:1,debug
FNDA:0,get closed
FNDA:0,setUsername
FNDA:0,login
FNDA:1,close
FNDA:1,reply
FNDA:0,commands
FNF:9
FNH:5
BRDA:159,8,0,0
BRDA:160,8,1,0
BRDA:163,8,2,0
BRDA:171,9,0,0
BRDA:174,9,1,0
BRDA:217,9,2,0
BRDA:230,9,3,0
BRDA:177,10,0,0
BRDA:180,10,1,0
BRDA:182,10,2,0
BRDA:191,10,3,0
BRDA:191,10,4,0
BRDA:196,10,5,0
BRDA:198,10,6,0
BRDA:200,10,7,0
BRDA:203,10,8,0
BRF:16
BRH:0
DA:1,1
DA:3,1
DA:4,1
DA:5,1
DA:6,1
DA:8,1
DA:10,1
DA:52,1
DA:55,1
DA:57,1
DA:58,1
DA:59,2
DA:61,2
DA:62,2
DA:64,2
DA:66,2
DA:67,2
DA:68,2
DA:69,2
DA:70,2
DA:71,2
DA:72,2
DA:74,2
DA:75,2
DA:76,2
DA:77,2
DA:78,2
DA:79,2
DA:80,2
DA:81,2
DA:83,2
DA:84,2
DA:85,2
DA:86,1
DA:87,1
DA:88,2
DA:89,2
DA:90,2
DA:91,2
DA:92,2
DA:93,2
DA:94,2
DA:95,2
DA:97,6
DA:98,2
DA:99,2
DA:102,1
DA:103,2
DA:104,2
DA:106,0
DA:107,0
DA:108,0
DA:111,0
DA:112,0
DA:113,0
DA:114,0
DA:115,0
DA:116,0
DA:117,0
DA:118,0
DA:119,0
DA:120,0
DA:121,0
DA:122,0
DA:125,0
DA:126,0
DA:127,0
DA:129,0
DA:130,0
DA:131,0
DA:132,0
DA:133,0
DA:134,0
DA:136,0
DA:137,0
DA:138,0
DA:139,0
DA:140,0
DA:141,0
DA:143,0
DA:144,0
DA:145,0
DA:146,0
DA:147,0
DA:148,0
DA:150,0
DA:151,0
DA:152,0
DA:153,0
DA:154,0
DA:157,1
DA:158,2
DA:159,0
DA:160,0
DA:161,2
DA:162,2
DA:163,0
DA:164,0
DA:165,0
DA:166,2
DA:169,1
DA:170,2
DA:171,4
DA:172,0
DA:173,6
DA:174,0
DA:176,2
DA:177,0
DA:178,9
DA:180,0
DA:181,3
DA:182,0
DA:183,0
DA:184,0
DA:185,0
DA:186,0
DA:187,3
DA:188,3
DA:189,3
DA:190,0
DA:191,0
DA:192,0
DA:193,0
DA:194,0
DA:195,3
DA:196,0
DA:197,0
DA:198,0
DA:199,3
DA:200,0
DA:201,0
DA:202,3
DA:203,0
DA:204,0
DA:205,0
DA:206,3
DA:207,2
DA:209,2
DA:210,2
DA:211,2
DA:212,2
DA:213,2
DA:214,2
DA:216,2
DA:217,0
DA:218,0
DA:219,0
DA:220,0
DA:221,0
DA:222,0
DA:223,0
DA:225,0
DA:226,0
DA:228,0
DA:229,0
DA:230,0
DA:231,0
DA:232,0
DA:233,2
DA:234,2
DA:237,0
DA:238,0
DA:239,0
DA:240,0
DA:241,0
DA:244,0
DA:247,0
DA:248,0
DA:251,0
DA:252,0
DA:253,0
DA:254,0
DA:255,0
DA:256,0
DA:257,0
DA:258,0
DA:259,0
DA:262,0
DA:263,0
DA:264,0
DA:267,0
DA:268,0
DA:271,0
DA:274,0
DA:275,0
DA:277,0
DA:278,0
DA:279,0
DA:280,0
DA:284,0
DA:287,0
DA:288,0
DA:290,0
DA:291,0
DA:292,0
DA:293,0
DA:294,0
DA:295,0
DA:296,0
DA:297,0
DA:298,0
DA:299,0
DA:300,0
DA:301,0
DA:302,0
DA:303,1
LH:79
LF:206
end_of_record
SF:D:\Dev\Packages\Deno\dftps\src\server\connectors\active.ts
FN:4,<instance_members_initializer>
FN:11,ActiveConnector
FN:15,connect
FN:36,close
FN:44,accept
FN:57,create
FNDA:7,<instance_members_initializer>
FNDA:7,ActiveConnector
FNDA:0,connect
FNDA:3,close
FNDA:2,accept
FNDA:0,create
FNF:6
FNH:4
BRDA:38,4,0,2
BRDA:39,4,1,1
BRDA:46,5,0,1
BRDA:46,5,1,0
BRDA:46,5,2,0
BRDA:49,5,3,1
BRDA:50,5,4,1
BRDA:52,5,5,0
BRF:8
BRH:5
DA:3,5
DA:4,5
DA:5,12
DA:6,12
DA:7,12
DA:8,12
DA:9,5
DA:11,5
DA:12,12
DA:13,12
DA:15,0
DA:16,0
DA:17,0
DA:18,0
DA:19,0
DA:20,0
DA:22,0
DA:23,0
DA:24,0
DA:25,0
DA:26,0
DA:27,0
DA:28,0
DA:29,0
DA:30,0
DA:31,0
DA:32,0
DA:33,0
DA:34,0
DA:36,5
DA:37,8
DA:38,8
DA:39,8
DA:40,9
DA:41,9
DA:42,8
DA:44,5
DA:45,7
DA:46,0
DA:47,0
DA:48,0
DA:49,7
DA:50,7
DA:51,7
DA:52,0
DA:53,0
DA:54,0
DA:55,7
DA:57,0
DA:58,0
DA:59,0
DA:60,0
DA:61,0
DA:62,0
DA:63,0
DA:64,0
DA:65,0
DA:66,0
DA:67,5
LH:24
LF:59
end_of_record
SF:D:\Dev\Packages\Deno\dftps\src\server\connectors\passive.ts
FN:10,<instance_members_initializer>
FN:18,PassiveConnection
FN:24,close
FN:38,closeConn
FN:58,create
FN:96,accept
FNDA:23,<instance_members_initializer>
FNDA:23,PassiveConnection
FNDA:5,close
FNDA:11,closeConn
FNDA:1,create
FNDA:0,accept
FNF:6
FNH:5
BRDA:27,3,0,3
BRDA:30,3,1,1
BRDA:32,3,2,2
BRDA:39,4,0,6
BRDA:42,4,1,4
BRDA:45,4,2,3
BRDA:46,4,3,2
BRDA:49,4,4,1
BRDA:52,4,5,5
BRDA:67,5,0,0
BRDA:91,5,1,0
BRF:11
BRH:9
DA:1,5
DA:9,5
DA:10,5
DA:11,28
DA:12,28
DA:13,28
DA:14,28
DA:15,28
DA:16,5
DA:18,5
DA:19,28
DA:20,28
DA:21,28
DA:22,28
DA:24,5
DA:25,10
DA:27,10
DA:28,13
DA:29,13
DA:30,13
DA:31,14
DA:32,14
DA:34,15
DA:35,15
DA:36,10
DA:38,5
DA:39,16
DA:40,22
DA:41,22
DA:42,22
DA:43,26
DA:44,26
DA:45,26
DA:46,26
DA:47,26
DA:48,26
DA:49,26
DA:50,27
DA:51,27
DA:52,26
DA:54,27
DA:55,27
DA:56,16
DA:58,5
DA:59,6
DA:60,6
DA:61,6
DA:62,6
DA:63,6
DA:65,6
DA:66,6
DA:67,0
DA:68,0
DA:70,0
DA:71,0
DA:72,0
DA:73,0
DA:75,0
DA:76,0
DA:77,0
DA:79,0
DA:80,0
DA:81,0
DA:82,0
DA:83,0
DA:84,0
DA:85,0
DA:86,24
DA:87,6
DA:88,6
DA:90,6
DA:91,0
DA:92,0
DA:93,0
DA:94,6
DA:96,0
DA:97,0
DA:98,0
DA:99,0
DA:100,0
DA:101,0
DA:102,0
DA:103,0
DA:104,0
DA:105,0
DA:106,0
DA:107,5
LH:57
LF:87
end_of_record
SF:D:\Dev\Packages\Deno\dftps\src\server\filesystem.ts
FN:27,<instance_members_initializer>
FN:35,FileSystem
FN:43,get root
FN:47,access
FN:56,own
FN:67,_resolvePath
FN:74,currentDirectory
FN:78,get
FN:92,stat
FN:106,list
FN:123,chdir
FN:140,write
FN:156,read
FN:168,delete
FN:179,mkdir
FN:190,rename
FN:202,chmod
FN:213,chown
FN:224,utime
FN:238,getUniqueName
FN:243,ls
FN:276,ep
FN:287,compact
FN:301,mlsx
FNDA:22,<instance_members_initializer>
FNDA:22,FileSystem
FNDA:14,get root
FNDA:31,access
FNDA:1,own
FNDA:12,_resolvePath
FNDA:5,currentDirectory
FNDA:2,get
FNDA:3,stat
FNDA:2,list
FNDA:2,chdir
FNDA:0,write
FNDA:1,read
FNDA:1,delete
FNDA:0,mkdir
FNDA:1,rename
FNDA:0,chmod
FNDA:0,chown
FNDA:0,utime
FNDA:2,getUniqueName
FNDA:5,ls
FNDA:0,ep
FNDA:0,compact
FNDA:12,mlsx
FNF:24
FNH:17
BRDA:37,2,0,0
BRDA:38,2,1,0
BRDA:49,4,0,30
BRDA:50,4,1,0
BRDA:50,4,2,0
BRDA:50,4,3,0
BRDA:51,4,4,1
BRDA:59,5,0,0
BRDA:60,5,1,0
BRDA:62,5,2,0
BRDA:69,6,0,2
BRDA:69,6,1,10
BRDA:81,8,0,1
BRDA:86,8,1,0
BRDA:93,9,0,1
BRDA:97,9,1,0
BRDA:100,9,2,2
BRDA:101,9,3,0
BRDA:103,9,4,0
BRDA:110,10,0,26
BRDA:118,10,1,0
BRDA:127,11,0,0
BRDA:130,11,1,0
BRDA:159,13,0,0
BRDA:163,13,1,0
BRDA:171,14,0,0
BRDA:174,14,1,0
BRDA:194,16,0,0
BRDA:197,16,1,0
BRDA:245,21,0,0
BRDA:247,21,1,0
BRDA:252,21,2,1
BRDA:252,21,3,4
BRDA:253,21,4,0
BRDA:254,21,5,0
BRDA:255,21,6,2
BRDA:255,21,7,3
BRDA:256,21,8,0
BRDA:257,21,9,0
BRDA:258,21,10,2
BRDA:258,21,11,3
BRDA:259,21,12,0
BRDA:260,21,13,0
BRDA:261,21,14,2
BRDA:261,21,15,3
BRDA:262,21,16,0
BRDA:267,21,17,0
BRDA:268,21,18,0
BRDA:302,24,0,3
BRDA:302,24,1,9
BRDA:303,24,2,10
BRDA:303,24,3,2
BRDA:320,24,4,11
BRDA:320,24,5,3
BRDA:322,24,6,9
BRDA:335,24,7,10
BRDA:335,24,8,10
BRF:57
BRH:25
DA:1,5
DA:2,5
DA:3,5
DA:26,5
DA:27,5
DA:28,27
DA:29,27
DA:30,27
DA:31,27
DA:33,27
DA:35,27
DA:36,49
DA:37,0
DA:38,0
DA:39,49
DA:40,49
DA:41,49
DA:43,27
DA:44,41
DA:45,41
DA:47,27
DA:48,58
DA:49,58
DA:50,0
DA:51,58
DA:52,59
DA:53,59
DA:54,58
DA:56,27
DA:57,28
DA:58,28
DA:59,0
DA:60,0
DA:61,112
DA:62,0
DA:63,0
DA:64,0
DA:65,28
DA:67,27
DA:68,39
DA:69,39
DA:70,39
DA:71,156
DA:72,39
DA:74,27
DA:75,32
DA:76,32
DA:78,27
DA:79,29
DA:80,29
DA:81,29
DA:82,90
DA:83,30
DA:84,30
DA:85,30
DA:86,30
DA:87,0
DA:88,0
DA:89,29
DA:91,113
DA:92,5
DA:93,8
DA:94,9
DA:95,9
DA:96,9
DA:97,0
DA:98,0
DA:99,0
DA:100,8
DA:101,0
DA:102,10
DA:103,0
DA:104,8
DA:106,5
DA:107,7
DA:108,7
DA:109,7
DA:110,7
DA:111,33
DA:112,33
DA:113,33
DA:114,33
DA:115,99
DA:116,33
DA:117,7
DA:118,0
DA:119,0
DA:120,0
DA:121,7
DA:123,5
DA:124,7
DA:125,7
DA:126,7
DA:127,0
DA:128,7
DA:129,7
DA:130,0
DA:131,0
DA:132,0
DA:133,0
DA:134,0
DA:135,0
DA:136,0
DA:137,0
DA:138,7
DA:140,0
DA:141,0
DA:142,0
DA:143,0
DA:144,0
DA:145,0
DA:146,0
DA:147,0
DA:148,0
DA:149,0
DA:150,0
DA:151,0
DA:152,0
DA:153,0
DA:154,0
DA:156,5
DA:157,6
DA:158,6
DA:159,0
DA:160,6
DA:161,18
DA:162,24
DA:163,0
DA:164,0
DA:165,0
DA:166,6
DA:168,5
DA:169,6
DA:170,6
DA:171,0
DA:172,6
DA:173,18
DA:174,0
DA:175,0
DA:176,0
DA:177,6
DA:179,0
DA:180,0
DA:181,0
DA:182,0
DA:183,0
DA:184,0
DA:185,0
DA:186,0
DA:187,0
DA:188,0
DA:190,5
DA:191,6
DA:192,6
DA:193,6
DA:194,0
DA:195,6
DA:196,6
DA:197,0
DA:198,0
DA:199,0
DA:200,6
DA:202,0
DA:203,0
DA:204,0
DA:205,0
DA:206,0
DA:207,0
DA:208,0
DA:209,0
DA:210,0
DA:211,0
DA:213,0
DA:214,0
DA:215,0
DA:216,0
DA:217,0
DA:218,0
DA:219,0
DA:220,0
DA:221,0
DA:222,0
DA:224,0
DA:225,0
DA:226,0
DA:227,0
DA:228,0
DA:230,0
DA:231,0
DA:232,0
DA:233,0
DA:234,0
DA:235,0
DA:236,0
DA:238,5
DA:239,7
DA:240,7
DA:241,5
DA:243,5
DA:244,10
DA:245,0
DA:246,10
DA:247,0
DA:249,10
DA:250,10
DA:251,10
DA:252,10
DA:253,0
DA:254,0
DA:255,10
DA:256,0
DA:257,0
DA:258,10
DA:259,0
DA:260,0
DA:261,10
DA:262,0
DA:263,0
DA:264,0
DA:265,0
DA:266,10
DA:267,0
DA:268,0
DA:269,10
DA:270,10
DA:271,10
DA:272,10
DA:273,10
DA:274,10
DA:276,0
DA:277,0
DA:278,0
DA:279,0
DA:280,0
DA:281,0
DA:282,0
DA:283,0
DA:284,0
DA:285,0
DA:287,0
DA:288,0
DA:289,0
DA:290,0
DA:291,0
DA:292,0
DA:293,0
DA:294,0
DA:295,0
DA:301,5
DA:302,17
DA:303,17
DA:306,17
DA:307,17
DA:308,17
DA:309,17
DA:310,17
DA:311,17
DA:312,17
DA:313,17
DA:319,17
DA:320,17
DA:321,31
DA:322,28
DA:323,37
DA:324,37
DA:326,17
DA:327,17
DA:328,17
DA:329,17
DA:330,17
DA:331,17
DA:334,17
DA:335,17
DA:336,17
DA:338,17
DA:339,17
LH:147
LF:276
end_of_record
SF:D:\Dev\Packages\Deno\dftps\src\server\ftp_status.ts
FNF:0
FNH:0
BRF:0
BRH:0
DA:5,6
DA:48,2
DA:49,8
DA:50,8
DA:51,8
DA:52,8
DA:54,8
DA:56,8
DA:58,8
DA:59,8
DA:60,8
DA:61,8
DA:62,8
DA:63,8
DA:64,8
DA:65,8
DA:66,8
DA:67,8
DA:68,8
DA:69,8
DA:70,8
DA:72,8
DA:73,8
DA:74,6
DA:76,2
LH:25
LF:25
end_of_record
SF:D:\Dev\Packages\Deno\dftps\src\server\mod.ts
FN:36,<instance_members_initializer>
FN:47,Server
FN:86,debug
FN:90,webhookError
FN:120,close
FN:137,trackConnection
FN:142,untrackConnection
FN:149,iterateConnections
FN:192,acceptAndIterateFtpConnections
FNDA:1,<instance_members_initializer>
FNDA:1,Server
FNDA:6,debug
FNDA:0,webhookError
FNDA:1,close
FNDA:1,trackConnection
FNDA:1,untrackConnection
FNDA:1,iterateConnections
FNDA:3,acceptAndIterateFtpConnections
FNF:9
FNH:8
BRDA:66,2,0,0
BRDA:66,2,1,0
BRDA:82,2,2,0
BRDA:87,3,0,0
BRDA:126,5,0,0
BRDA:169,8,0,0
BRDA:195,10,0,1
BRDA:195,10,1,2
BRDA:199,10,2,1
BRDA:203,10,3,0
BRDA:207,10,4,0
BRDA:213,10,5,1
BRDA:217,10,6,0
BRF:13
BRH:4
DA:1,1
DA:2,1
DA:3,1
DA:35,1
DA:36,1
DA:37,2
DA:40,2
DA:41,2
DA:43,2
DA:44,2
DA:46,1
DA:47,1
DA:48,6
DA:51,2
DA:52,2
DA:53,2
DA:54,2
DA:57,2
DA:58,2
DA:59,2
DA:62,2
DA:65,2
DA:66,0
DA:67,0
DA:69,0
DA:70,0
DA:71,0
DA:72,0
DA:73,0
DA:74,0
DA:75,0
DA:76,0
DA:78,2
DA:79,2
DA:82,0
DA:83,2
DA:86,1
DA:87,0
DA:88,7
DA:90,0
DA:91,0
DA:92,0
DA:93,0
DA:94,0
DA:95,0
DA:96,0
DA:97,0
DA:98,0
DA:99,0
DA:100,0
DA:101,0
DA:103,0
DA:104,0
DA:105,0
DA:106,0
DA:107,0
DA:108,0
DA:109,0
DA:110,0
DA:111,0
DA:112,0
DA:113,0
DA:114,0
DA:115,0
DA:116,0
DA:117,0
DA:120,1
DA:121,2
DA:122,2
DA:123,2
DA:124,2
DA:125,2
DA:126,0
DA:128,0
DA:129,0
DA:130,0
DA:131,0
DA:132,0
DA:133,2
DA:134,2
DA:135,2
DA:137,1
DA:138,2
DA:139,2
DA:140,2
DA:142,1
DA:143,2
DA:144,2
DA:145,2
DA:146,2
DA:149,1
DA:150,1
DA:151,1
DA:152,2
DA:153,2
DA:154,2
DA:155,2
DA:156,2
DA:159,2
DA:160,2
DA:161,3
DA:162,3
DA:164,3
DA:165,3
DA:166,2
DA:167,2
DA:168,2
DA:169,2
DA:171,0
DA:172,0
DA:173,0
DA:174,0
DA:175,0
DA:176,0
DA:177,0
DA:178,0
DA:179,0
DA:180,0
DA:182,0
DA:183,0
DA:184,0
DA:185,0
DA:186,2
DA:192,1
DA:193,1
DA:194,1
DA:195,4
DA:197,6
DA:198,6
DA:199,6
DA:200,5
DA:201,5
DA:202,0
DA:203,0
DA:204,0
DA:205,0
DA:206,5
DA:207,0
DA:209,0
DA:210,0
DA:211,0
DA:212,0
DA:213,5
DA:215,5
DA:217,5
DA:218,0
DA:220,2
DA:221,2
DA:222,2
DA:223,2
DA:224,2
DA:225,1
DA:227,1
LH:84
LF:153
end_of_record
